c:\users\nti\source\repos\novacorps\novacorps\release\vc141.pdb
c:\users\nti\source\repos\novacorps\novacorps\release\event.obj
c:\users\nti\source\repos\novacorps\novacorps\release\eventsequence.obj
c:\users\nti\source\repos\novacorps\novacorps\release\scene.obj
c:\users\nti\source\repos\novacorps\novacorps\release\perspectivecamera.obj
c:\users\nti\source\repos\novacorps\novacorps\release\particleemitter.obj
c:\users\nti\source\repos\novacorps\novacorps\release\particle.obj
c:\users\nti\source\repos\novacorps\novacorps\release\orthographiccamera.obj
c:\users\nti\source\repos\novacorps\novacorps\release\invadermissile.obj
c:\users\nti\source\repos\novacorps\novacorps\release\gameobject.obj
c:\users\nti\source\repos\novacorps\novacorps\release\camera.obj
c:\users\nti\source\repos\novacorps\novacorps\release\seekermissile.obj
c:\users\nti\source\repos\novacorps\novacorps\release\player.obj
c:\users\nti\source\repos\novacorps\novacorps\release\novacorps.obj
c:\users\nti\source\repos\novacorps\novacorps\release\missile.obj
c:\users\nti\source\repos\novacorps\novacorps\release\main.obj
c:\users\nti\source\repos\novacorps\novacorps\release\invader.obj
c:\users\nti\source\repos\novacorps\novacorps\release\character.obj
c:\users\nti\source\repos\novacorps\novacorps\release\alienmissile.obj
c:\users\nti\source\repos\novacorps\novacorps\release\alien.obj
c:\users\nti\source\repos\novacorps\novacorps\release\screenelement2d.obj
c:\users\nti\source\repos\novacorps\novacorps\release\graphic.obj
c:\users\nti\source\repos\novacorps\novacorps\release\animationstate.obj
c:\users\nti\source\repos\novacorps\novacorps\release\seeker.obj
c:\users\nti\source\repos\novacorps\novacorps\release\drone.obj
c:\users\nti\source\repos\novacorps\novacorps\release\animation.obj
c:\users\nti\source\repos\novacorps\novacorps\release\playermissilestandard.obj
c:\users\nti\source\repos\novacorps\release\novacorps.exe
c:\users\nti\source\repos\novacorps\release\novacorps.pdb
c:\users\nti\source\repos\novacorps\release\novacorps.ipdb
c:\users\nti\source\repos\novacorps\release\novacorps.iobj
c:\users\nti\source\repos\novacorps\novacorps\release\novacorps.tlog\cl.command.1.tlog
c:\users\nti\source\repos\novacorps\novacorps\release\novacorps.tlog\cl.read.1.tlog
c:\users\nti\source\repos\novacorps\novacorps\release\novacorps.tlog\cl.write.1.tlog
c:\users\nti\source\repos\novacorps\novacorps\release\novacorps.tlog\link.command.1.tlog
c:\users\nti\source\repos\novacorps\novacorps\release\novacorps.tlog\link.read.1.tlog
c:\users\nti\source\repos\novacorps\novacorps\release\novacorps.tlog\link.write.1.tlog
c:\users\nti\source\repos\novacorps\novacorps\release\novacorps.tlog\novacorps.write.1u.tlog
