  Alien.cpp
  AlienMissile.cpp
  Animation.cpp
  AnimationState.cpp
  Camera.cpp
  Character.cpp
  Drone.cpp
  GameObject.cpp
  Graphic.cpp
  Invader.cpp
  InvaderMissile.cpp
  Main.cpp
  Missile.cpp
  NovaCorps.cpp
  OrthographicCamera.cpp
  Particle.cpp
  ParticleEmitter.cpp
  PerspectiveCamera.cpp
  Player.cpp
  PlayerMissileStandard.cpp
  Compiling...
  Scene.cpp
  ScreenElement2D.cpp
  Seeker.cpp
  SeekerMissile.cpp
sfml-graphics-s.lib(Image.cpp.obj) : error LNK2001: unresolved external symbol ___std_swap_ranges_trivially_swappable_noalias
C:\Users\S17127183\Downloads\NovaCorps CODE\NovaCorps CODE\Release\NovaCorps.exe : fatal error LNK1120: 1 unresolved externals
