  Alien.cpp
  AlienMissile.cpp
  Animation.cpp
  AnimationState.cpp
  Camera.cpp
  Character.cpp
  Drone.cpp
  GameObject.cpp
  Graphic.cpp
  Invader.cpp
  InvaderMissile.cpp
  Main.cpp
  Missile.cpp
  NovaCorps.cpp
  OrthographicCamera.cpp
  Particle.cpp
  ParticleEmitter.cpp
  PerspectiveCamera.cpp
  Player.cpp
  PlayerMissileStandard.cpp
  Compiling...
  Scene.cpp
  ScreenElement2D.cpp
  Seeker.cpp
  SeekerMissile.cpp
  EventSequence.cpp
  Event.cpp
sfml-graphics-s.lib(RenderStates.cpp.obj) : fatal error LNK1112: module machine type 'x86' conflicts with target machine type 'x64'
