c:\users\nti\source\repos\novacorps\novacorps\debug\vc141.pdb
c:\users\nti\source\repos\novacorps\novacorps\debug\vc141.idb
c:\users\nti\source\repos\novacorps\novacorps\debug\perspectivecamera.obj
c:\users\nti\source\repos\novacorps\novacorps\debug\orthographiccamera.obj
c:\users\nti\source\repos\novacorps\novacorps\debug\camera.obj
c:\users\nti\source\repos\novacorps\novacorps\debug\novacorps.obj
c:\users\nti\source\repos\novacorps\novacorps\debug\main.obj
c:\users\nti\source\repos\novacorps\novacorps\debug\alienmissile.obj
c:\users\nti\source\repos\novacorps\novacorps\debug\player.obj
c:\users\nti\source\repos\novacorps\novacorps\debug\alien.obj
c:\users\nti\source\repos\novacorps\novacorps\debug\seekermissile.obj
c:\users\nti\source\repos\novacorps\novacorps\debug\missile.obj
c:\users\nti\source\repos\novacorps\novacorps\debug\character.obj
c:\users\nti\source\repos\novacorps\novacorps\debug\gameobject.obj
c:\users\nti\source\repos\novacorps\novacorps\debug\scene.obj
c:\users\nti\source\repos\novacorps\novacorps\debug\invader.obj
c:\users\nti\source\repos\novacorps\novacorps\debug\r.obj
c:\users\nti\source\repos\novacorps\novacorps\debug\particleemitter.obj
c:\users\nti\source\repos\novacorps\novacorps\debug\particle.obj
c:\users\nti\source\repos\novacorps\novacorps\debug\invadermissile.obj
c:\users\nti\source\repos\novacorps\novacorps\debug\event.obj
c:\users\nti\source\repos\novacorps\novacorps\debug\eventsequence.obj
c:\users\nti\source\repos\novacorps\novacorps\debug\graphic.obj
c:\users\nti\source\repos\novacorps\novacorps\debug\drone.obj
c:\users\nti\source\repos\novacorps\novacorps\debug\animationstate.obj
c:\users\nti\source\repos\novacorps\novacorps\debug\animation.obj
c:\users\nti\source\repos\novacorps\novacorps\debug\seeker.obj
c:\users\nti\source\repos\novacorps\novacorps\debug\screenelement2d.obj
c:\users\nti\source\repos\novacorps\novacorps\debug\playermissilestandard.obj
c:\users\nti\source\repos\novacorps\debug\novacorps.exe
c:\users\nti\source\repos\novacorps\debug\novacorps.ilk
c:\users\nti\source\repos\novacorps\debug\novacorps.pdb
c:\users\s17127183\downloads\novacorps code\novacorps code\novacorps\debug\alien.obj
c:\users\s17127183\downloads\novacorps code\novacorps code\novacorps\debug\alienmissile.obj
c:\users\s17127183\downloads\novacorps code\novacorps code\novacorps\debug\animation.obj
c:\users\s17127183\downloads\novacorps code\novacorps code\novacorps\debug\animationstate.obj
c:\users\s17127183\downloads\novacorps code\novacorps code\novacorps\debug\camera.obj
c:\users\s17127183\downloads\novacorps code\novacorps code\novacorps\debug\character.obj
c:\users\s17127183\downloads\novacorps code\novacorps code\novacorps\debug\drone.obj
c:\users\s17127183\downloads\novacorps code\novacorps code\novacorps\debug\event.obj
c:\users\s17127183\downloads\novacorps code\novacorps code\novacorps\debug\eventsequence.obj
c:\users\s17127183\downloads\novacorps code\novacorps code\novacorps\debug\gameobject.obj
c:\users\s17127183\downloads\novacorps code\novacorps code\novacorps\debug\graphic.obj
c:\users\s17127183\downloads\novacorps code\novacorps code\novacorps\debug\invader.obj
c:\users\s17127183\downloads\novacorps code\novacorps code\novacorps\debug\invadermissile.obj
c:\users\s17127183\downloads\novacorps code\novacorps code\novacorps\debug\main.obj
c:\users\s17127183\downloads\novacorps code\novacorps code\novacorps\debug\missile.obj
c:\users\s17127183\downloads\novacorps code\novacorps code\novacorps\debug\novacorps.obj
c:\users\s17127183\downloads\novacorps code\novacorps code\novacorps\debug\orthographiccamera.obj
c:\users\s17127183\downloads\novacorps code\novacorps code\novacorps\debug\particle.obj
c:\users\s17127183\downloads\novacorps code\novacorps code\novacorps\debug\particleemitter.obj
c:\users\s17127183\downloads\novacorps code\novacorps code\novacorps\debug\perspectivecamera.obj
c:\users\s17127183\downloads\novacorps code\novacorps code\novacorps\debug\player.obj
c:\users\s17127183\downloads\novacorps code\novacorps code\novacorps\debug\playermissilestandard.obj
c:\users\s17127183\downloads\novacorps code\novacorps code\novacorps\debug\r.obj
c:\users\s17127183\downloads\novacorps code\novacorps code\novacorps\debug\scene.obj
c:\users\s17127183\downloads\novacorps code\novacorps code\novacorps\debug\screenelement2d.obj
c:\users\s17127183\downloads\novacorps code\novacorps code\novacorps\debug\seeker.obj
c:\users\s17127183\downloads\novacorps code\novacorps code\novacorps\debug\seekermissile.obj
c:\users\s17127183\downloads\novacorps code\novacorps code\novacorps\debug\animation.obj.enc
c:\users\s17127183\downloads\novacorps code\novacorps code\novacorps\debug\gameobject.obj.enc
c:\users\s17127183\downloads\novacorps code\novacorps code\novacorps\debug\orthographiccamera.obj.enc
c:\users\s17127183\downloads\novacorps code\novacorps code\novacorps\debug\vc141.idb
c:\users\s17127183\downloads\novacorps code\novacorps code\novacorps\debug\vc141.pdb
c:\users\s17127183\downloads\novacorps code\novacorps code\debug\novacorps.pdb
c:\users\s17127183\downloads\novacorps code\novacorps code\debug\novacorps.exe
c:\users\s17127183\downloads\novacorps code\novacorps code\debug\novacorps.ilk
c:\users\s17127183\downloads\novacorps code\novacorps code\novacorps\debug\novacorps.tlog\cl.command.1.tlog
c:\users\s17127183\downloads\novacorps code\novacorps code\novacorps\debug\novacorps.tlog\cl.read.1.tlog
c:\users\s17127183\downloads\novacorps code\novacorps code\novacorps\debug\novacorps.tlog\cl.write.1.tlog
c:\users\s17127183\downloads\novacorps code\novacorps code\novacorps\debug\novacorps.tlog\link.command.1.tlog
c:\users\s17127183\downloads\novacorps code\novacorps code\novacorps\debug\novacorps.tlog\link.read.1.tlog
c:\users\s17127183\downloads\novacorps code\novacorps code\novacorps\debug\novacorps.tlog\link.write.1.tlog
